INFO 2/3/2021, 4:10:25 PM  luanchFromDiffVersion, pre version is undefined
INFO 2/3/2021, 4:10:25 PM  overwriteThemeFolder
INFO 2/3/2021, 4:10:25 PM  ------------------start------------------
INFO 2/3/2021, 4:10:25 PM  typora version: 0.9.98
DEBUG 2/3/2021, 4:10:25 PM  [
  '/usr/share/typora/Typora',
  'file:///home/sinow/Downloads/Bash_Reference.md'
]
DEBUG 2/3/2021, 4:10:25 PM  app.openFile
INFO 2/3/2021, 4:10:25 PM  addRecentDocument
INFO 2/3/2021, 4:10:26 PM  [Raven] instanceKey = 72b602eb-4a66-4e58-a16e-28991341b925
INFO 2/3/2021, 4:10:26 PM  [Raven] userId = 903f1f51-3376-4e71-80fc-fb77c00aa641
INFO 2/3/2021, 4:10:26 PM  [focus] 1
INFO 2/3/2021, 4:10:26 PM  [blur] 1
INFO 2/3/2021, 4:10:26 PM  got argv [typora file:///home/sinow/Downloads/Bash_Reference.md] from secondary instance
DEBUG 2/3/2021, 4:10:26 PM  app.openFile
INFO 2/3/2021, 4:10:26 PM  [focus] 1
INFO 2/3/2021, 4:10:26 PM  handle document.loadInitData
INFO 2/3/2021, 4:10:31 PM  [blur] 1
INFO 2/3/2021, 4:10:35 PM  [focus] 1
INFO 2/3/2021, 4:10:35 PM  [blur] 1
INFO 2/3/2021, 4:10:35 PM  [focus] 1
INFO 2/3/2021, 4:10:35 PM  [blur] 1
INFO 2/3/2021, 4:10:35 PM  [focus] 1
INFO 2/3/2021, 4:10:43 PM  [blur] 1
INFO 2/3/2021, 4:10:48 PM  [focus] 1
INFO 2/3/2021, 4:10:53 PM  [blur] 1
INFO 2/3/2021, 4:10:53 PM  [focus] 1
INFO 2/3/2021, 4:10:53 PM  [blur] 1
INFO 2/3/2021, 4:10:53 PM  [focus] 1
INFO 2/3/2021, 4:10:53 PM  [blur] 1
INFO 2/3/2021, 4:10:53 PM  [focus] 1
INFO 2/3/2021, 4:10:55 PM  [blur] 1
INFO 2/3/2021, 4:12:10 PM  [focus] 1
INFO 2/3/2021, 4:12:10 PM  [blur] 1
INFO 2/3/2021, 4:12:10 PM  [focus] 1
INFO 2/3/2021, 4:12:10 PM  [blur] 1
INFO 2/3/2021, 4:12:10 PM  [focus] 1
INFO 2/3/2021, 4:12:11 PM  [blur] 1
INFO 2/3/2021, 4:12:12 PM  [focus] 1
INFO 2/3/2021, 4:12:15 PM  [blur] 1
INFO 2/3/2021, 4:13:25 PM  [focus] 1
INFO 2/3/2021, 4:13:26 PM  [blur] 1
INFO 2/3/2021, 4:13:32 PM  [focus] 1
INFO 2/3/2021, 4:13:36 PM  ----------------before-quit-----------------
INFO 2/3/2021, 4:13:36 PM  ------------------will-quit------------------
INFO 2/3/2021, 4:13:42 PM  ------------------start------------------
INFO 2/3/2021, 4:13:42 PM  typora version: 0.9.98
DEBUG 2/3/2021, 4:13:42 PM  [
  '/usr/share/typora/Typora',
  'file:///home/sinow/Downloads/Git_Reference.md'
]
DEBUG 2/3/2021, 4:13:42 PM  app.openFile
INFO 2/3/2021, 4:13:42 PM  addRecentDocument
INFO 2/3/2021, 4:13:42 PM  [Raven] instanceKey = 7a067d44-47cc-42a4-8318-2a8dbe4b26fc
INFO 2/3/2021, 4:13:42 PM  [Raven] userId = 903f1f51-3376-4e71-80fc-fb77c00aa641
INFO 2/3/2021, 4:13:42 PM  [focus] 1
INFO 2/3/2021, 4:13:43 PM  handle document.loadInitData
INFO 2/3/2021, 4:13:52 PM  updateTheme
INFO 2/3/2021, 4:13:58 PM  [blur] 1
INFO 2/3/2021, 4:13:59 PM  [focus] 1
INFO 2/3/2021, 4:14:09 PM  ----------------before-quit-----------------
INFO 2/3/2021, 4:14:09 PM  ------------------will-quit------------------
INFO 2/3/2021, 4:14:11 PM  ------------------start------------------
INFO 2/3/2021, 4:14:11 PM  typora version: 0.9.98
DEBUG 2/3/2021, 4:14:11 PM  [
  '/usr/share/typora/Typora',
  'file:///home/sinow/Downloads/Git_Reference.md'
]
DEBUG 2/3/2021, 4:14:11 PM  app.openFile
INFO 2/3/2021, 4:14:11 PM  addRecentDocument
INFO 2/3/2021, 4:14:11 PM  [Raven] instanceKey = cfbd6530-ee1f-4cb3-8e88-de92c760716e
INFO 2/3/2021, 4:14:11 PM  [Raven] userId = 903f1f51-3376-4e71-80fc-fb77c00aa641
INFO 2/3/2021, 4:14:11 PM  [focus] 1
INFO 2/3/2021, 4:14:11 PM  [blur] 1
INFO 2/3/2021, 4:14:11 PM  [focus] 1
INFO 2/3/2021, 4:14:12 PM  handle document.loadInitData
INFO 2/3/2021, 4:14:12 PM  [blur] 1
INFO 2/3/2021, 4:14:12 PM  [focus] 1
INFO 2/3/2021, 4:14:35 PM  updateTheme
INFO 2/3/2021, 4:14:41 PM  File.option.noPairingMatch = false;
INFO 2/3/2021, 4:14:49 PM  updateTheme
INFO 2/3/2021, 4:14:52 PM  updateTheme
INFO 2/3/2021, 4:15:17 PM  File.option.noPairingMatch = true;
INFO 2/3/2021, 4:15:25 PM  [blur] 1
INFO 2/3/2021, 4:15:26 PM  [focus] 1
INFO 2/3/2021, 4:15:26 PM  [blur] 1
INFO 2/3/2021, 4:15:26 PM  [focus] 1
INFO 2/3/2021, 4:15:26 PM  [blur] 1
INFO 2/3/2021, 4:15:26 PM  [focus] 1
INFO 2/3/2021, 4:15:27 PM  [blur] 1
INFO 2/3/2021, 4:15:28 PM  [focus] 1
INFO 2/3/2021, 4:15:39 PM  [blur] 1
INFO 2/3/2021, 4:15:53 PM  [focus] 1
INFO 2/3/2021, 4:15:54 PM  [blur] 1
INFO 2/3/2021, 4:15:56 PM  [focus] 1
INFO 2/3/2021, 4:16:02 PM  [blur] 1
INFO 2/3/2021, 4:16:51 PM  [focus] 1
INFO 2/3/2021, 4:16:52 PM  [blur] 1
INFO 2/3/2021, 4:16:53 PM  [focus] 1
INFO 2/3/2021, 4:16:56 PM  [blur] 1
INFO 2/3/2021, 4:17:04 PM  [focus] 1
INFO 2/3/2021, 4:17:34 PM  The system is going to sleep
INFO 2/3/2021, 4:28:16 PM  [blur] 1
INFO 2/3/2021, 4:28:16 PM  [focus] 1
INFO 2/3/2021, 4:29:03 PM  [blur] 1
INFO 2/3/2021, 4:29:09 PM  [focus] 1
INFO 2/3/2021, 4:29:09 PM  [blur] 1
INFO 2/3/2021, 4:29:09 PM  [focus] 1
INFO 2/3/2021, 4:29:09 PM  [blur] 1
INFO 2/3/2021, 4:29:09 PM  [focus] 1
INFO 2/3/2021, 4:29:09 PM  ----------------before-quit-----------------
INFO 2/3/2021, 4:29:09 PM  ------------------will-quit------------------
INFO 2/3/2021, 4:51:56 PM  ------------------start------------------
INFO 2/3/2021, 4:51:56 PM  typora version: 0.9.98
DEBUG 2/3/2021, 4:51:56 PM  [
  '/usr/share/typora/Typora',
  'file:///home/sinow/Downloads/PHP_Reference.md'
]
DEBUG 2/3/2021, 4:51:56 PM  app.openFile
INFO 2/3/2021, 4:51:56 PM  addRecentDocument
INFO 2/3/2021, 4:51:56 PM  [Raven] instanceKey = f70e39d0-1100-40c7-8fca-8a1fe4a33b63
INFO 2/3/2021, 4:51:56 PM  [focus] 1
INFO 2/3/2021, 4:51:56 PM  [Raven] userId = 903f1f51-3376-4e71-80fc-fb77c00aa641
INFO 2/3/2021, 4:51:56 PM  handle document.loadInitData
INFO 2/3/2021, 4:52:00 PM  [blur] 1
INFO 2/3/2021, 4:52:01 PM  [focus] 1
INFO 2/3/2021, 4:52:14 PM  [blur] 1
INFO 2/3/2021, 4:53:11 PM  [focus] 1
INFO 2/3/2021, 4:53:11 PM  [blur] 1
INFO 2/3/2021, 4:53:12 PM  [focus] 1
INFO 2/3/2021, 4:53:12 PM  [blur] 1
INFO 2/3/2021, 4:53:12 PM  [focus] 1
INFO 2/3/2021, 4:53:12 PM  [blur] 1
INFO 2/3/2021, 4:53:12 PM  [focus] 1
INFO 2/3/2021, 4:53:13 PM  [blur] 1
INFO 2/3/2021, 4:53:49 PM  [focus] 1
INFO 2/3/2021, 4:53:49 PM  [blur] 1
INFO 2/3/2021, 4:53:49 PM  [focus] 1
INFO 2/3/2021, 4:53:49 PM  [blur] 1
INFO 2/3/2021, 4:53:49 PM  [focus] 1
INFO 2/3/2021, 4:53:50 PM  [blur] 1
INFO 2/3/2021, 4:53:52 PM  [focus] 1
INFO 2/3/2021, 4:53:52 PM  [blur] 1
INFO 2/3/2021, 4:53:52 PM  [focus] 1
INFO 2/3/2021, 4:53:52 PM  [blur] 1
INFO 2/3/2021, 4:53:52 PM  [focus] 1
INFO 2/3/2021, 4:53:52 PM  [blur] 1
INFO 2/3/2021, 4:54:30 PM  [focus] 1
INFO 2/3/2021, 4:54:30 PM  [blur] 1
INFO 2/3/2021, 4:54:30 PM  [focus] 1
INFO 2/3/2021, 4:54:30 PM  [blur] 1
INFO 2/3/2021, 4:55:03 PM  [focus] 1
INFO 2/3/2021, 4:55:03 PM  [blur] 1
INFO 2/3/2021, 4:55:03 PM  [focus] 1
INFO 2/3/2021, 4:55:03 PM  [blur] 1
INFO 2/3/2021, 4:55:08 PM  [focus] 1
INFO 2/3/2021, 4:55:08 PM  [blur] 1
INFO 2/3/2021, 4:55:10 PM  [focus] 1
INFO 2/3/2021, 4:55:11 PM  [blur] 1
INFO 2/3/2021, 4:55:47 PM  [focus] 1
INFO 2/3/2021, 4:55:48 PM  [blur] 1
INFO 2/3/2021, 4:56:09 PM  [focus] 1
INFO 2/3/2021, 4:56:09 PM  [blur] 1
INFO 2/3/2021, 4:56:11 PM  [focus] 1
INFO 2/3/2021, 4:56:34 PM  [blur] 1
INFO 2/3/2021, 4:56:36 PM  [focus] 1
INFO 2/3/2021, 4:56:42 PM  [blur] 1
INFO 2/3/2021, 4:57:28 PM  [focus] 1
INFO 2/3/2021, 4:57:32 PM  [blur] 1
INFO 2/3/2021, 4:59:30 PM  [focus] 1
INFO 2/3/2021, 4:59:33 PM  [blur] 1
INFO 2/3/2021, 5:00:57 PM  [focus] 1
INFO 2/3/2021, 5:01:10 PM  [blur] 1
INFO 2/3/2021, 5:01:11 PM  [focus] 1
INFO 2/3/2021, 5:01:38 PM  [blur] 1
INFO 2/3/2021, 5:02:50 PM  [focus] 1
INFO 2/3/2021, 5:02:51 PM  [blur] 1
INFO 2/3/2021, 5:03:23 PM  [focus] 1
INFO 2/3/2021, 5:03:23 PM  [blur] 1
INFO 2/3/2021, 5:03:23 PM  [focus] 1
INFO 2/3/2021, 5:03:26 PM  [blur] 1
INFO 2/3/2021, 5:03:31 PM  [focus] 1
INFO 2/3/2021, 5:03:32 PM  [blur] 1
INFO 2/3/2021, 5:03:36 PM  [focus] 1
INFO 2/3/2021, 5:03:36 PM  [blur] 1
INFO 2/3/2021, 5:03:36 PM  [focus] 1
INFO 2/3/2021, 5:03:36 PM  [blur] 1
INFO 2/3/2021, 5:03:36 PM  [focus] 1
INFO 2/3/2021, 5:03:42 PM  [blur] 1
INFO 2/3/2021, 5:03:47 PM  [focus] 1
INFO 2/3/2021, 5:03:47 PM  [blur] 1
INFO 2/3/2021, 5:03:47 PM  [focus] 1
INFO 2/3/2021, 5:03:47 PM  [blur] 1
INFO 2/3/2021, 5:03:47 PM  [focus] 1
INFO 2/3/2021, 5:03:47 PM  [blur] 1
INFO 2/3/2021, 5:03:55 PM  [focus] 1
INFO 2/3/2021, 5:03:59 PM  [blur] 1
INFO 2/3/2021, 5:04:00 PM  [focus] 1
INFO 2/3/2021, 5:04:00 PM  [blur] 1
INFO 2/3/2021, 5:04:00 PM  [focus] 1
INFO 2/3/2021, 5:04:00 PM  [blur] 1
INFO 2/3/2021, 5:04:00 PM  [focus] 1
INFO 2/3/2021, 5:04:00 PM  [blur] 1
INFO 2/3/2021, 5:04:01 PM  [focus] 1
INFO 2/3/2021, 5:04:03 PM  [blur] 1
INFO 2/3/2021, 5:05:15 PM  [focus] 1
INFO 2/3/2021, 5:05:16 PM  [blur] 1
INFO 2/3/2021, 5:05:17 PM  [focus] 1
INFO 2/3/2021, 5:05:34 PM  [blur] 1
INFO 2/3/2021, 5:05:55 PM  [focus] 1
INFO 2/3/2021, 5:05:57 PM  [blur] 1
INFO 2/3/2021, 5:06:21 PM  [focus] 1
INFO 2/3/2021, 5:06:22 PM  [blur] 1
INFO 2/3/2021, 5:06:53 PM  [focus] 1
INFO 2/3/2021, 5:06:53 PM  [blur] 1
INFO 2/3/2021, 5:08:59 PM  [focus] 1
INFO 2/3/2021, 5:09:19 PM  [blur] 1
INFO 2/3/2021, 5:09:46 PM  [focus] 1
INFO 2/3/2021, 5:09:47 PM  [blur] 1
INFO 2/3/2021, 5:10:18 PM  [focus] 1
INFO 2/3/2021, 5:10:24 PM  [blur] 1
INFO 2/3/2021, 5:10:34 PM  [focus] 1
INFO 2/3/2021, 5:11:18 PM  [blur] 1
INFO 2/3/2021, 5:11:18 PM  [focus] 1
INFO 2/3/2021, 5:11:19 PM  [blur] 1
INFO 2/3/2021, 5:11:20 PM  [focus] 1
INFO 2/3/2021, 5:11:26 PM  [blur] 1
INFO 2/3/2021, 5:12:01 PM  [focus] 1
INFO 2/3/2021, 5:12:01 PM  [blur] 1
INFO 2/3/2021, 5:12:04 PM  [focus] 1
INFO 2/3/2021, 5:12:05 PM  [blur] 1
INFO 2/3/2021, 5:12:07 PM  [focus] 1
INFO 2/3/2021, 5:12:13 PM  [blur] 1
INFO 2/3/2021, 5:12:14 PM  [focus] 1
INFO 2/3/2021, 5:12:14 PM  [blur] 1
INFO 2/3/2021, 5:12:16 PM  [focus] 1
INFO 2/3/2021, 5:12:19 PM  [blur] 1
INFO 2/3/2021, 5:12:30 PM  [focus] 1
INFO 2/3/2021, 5:12:45 PM  [blur] 1
INFO 2/3/2021, 5:13:07 PM  [focus] 1
INFO 2/3/2021, 5:13:28 PM  [blur] 1
INFO 2/3/2021, 5:13:28 PM  [focus] 1
INFO 2/3/2021, 5:13:32 PM  [blur] 1
INFO 2/3/2021, 5:13:58 PM  [focus] 1
INFO 2/3/2021, 5:15:59 PM  [blur] 1
INFO 2/3/2021, 5:16:06 PM  [focus] 1
INFO 2/3/2021, 5:16:08 PM  [blur] 1
INFO 2/3/2021, 5:17:05 PM  [focus] 1
INFO 2/3/2021, 5:17:09 PM  [blur] 1
INFO 2/3/2021, 5:17:22 PM  [focus] 1
INFO 2/3/2021, 5:17:24 PM  [blur] 1
INFO 2/3/2021, 5:17:46 PM  [focus] 1
INFO 2/3/2021, 5:17:47 PM  [blur] 1
INFO 2/3/2021, 5:18:22 PM  [focus] 1
INFO 2/3/2021, 5:18:24 PM  [blur] 1
INFO 2/3/2021, 5:18:30 PM  [focus] 1
INFO 2/3/2021, 5:18:30 PM  [blur] 1
INFO 2/3/2021, 5:18:59 PM  The system is going to sleep
INFO 2/3/2021, 5:19:11 PM  [focus] 1
INFO 2/3/2021, 5:23:43 PM  [blur] 1
INFO 2/3/2021, 5:24:33 PM  [focus] 1
INFO 2/3/2021, 5:24:34 PM  [blur] 1
INFO 2/3/2021, 5:24:44 PM  [focus] 1
INFO 2/3/2021, 5:24:45 PM  [blur] 1
INFO 2/3/2021, 5:24:49 PM  [focus] 1
INFO 2/3/2021, 5:24:52 PM  [blur] 1
INFO 2/3/2021, 5:24:52 PM  [focus] 1
INFO 2/3/2021, 5:24:53 PM  [blur] 1
INFO 2/3/2021, 5:24:53 PM  [focus] 1
INFO 2/3/2021, 5:25:01 PM  [blur] 1
INFO 2/3/2021, 5:25:04 PM  [focus] 1
INFO 2/3/2021, 5:25:04 PM  [blur] 1
INFO 2/3/2021, 5:25:05 PM  [focus] 1
INFO 2/3/2021, 5:25:05 PM  [blur] 1
INFO 2/3/2021, 5:25:05 PM  [focus] 1
INFO 2/3/2021, 5:25:05 PM  [blur] 1
INFO 2/3/2021, 5:25:05 PM  [focus] 1
INFO 2/3/2021, 5:25:07 PM  [blur] 1
DEBUG 2/3/2021, 5:25:11 PM  app.openFile
INFO 2/3/2021, 5:25:11 PM  [focus] 2
INFO 2/3/2021, 5:25:11 PM  [blur] 2
INFO 2/3/2021, 5:25:11 PM  [focus] 1
INFO 2/3/2021, 5:25:12 PM  [blur] 1
INFO 2/3/2021, 5:25:12 PM  [focus] 2
INFO 2/3/2021, 5:25:12 PM  [blur] 2
INFO 2/3/2021, 5:25:12 PM  handle document.loadInitData
INFO 2/3/2021, 5:25:12 PM  [focus] 2
INFO 2/3/2021, 5:25:13 PM  [blur] 2
INFO 2/3/2021, 5:25:13 PM  [focus] 1
INFO 2/3/2021, 5:25:18 PM  [focus] 2
INFO 2/3/2021, 5:25:38 PM  switchDocument 2 [/home/sinow/Downloads/MySQL_Reference.md]
INFO 2/3/2021, 5:25:38 PM  addRecentDocument
INFO 2/3/2021, 5:26:26 PM  switchDocument 2 [/home/sinow/Downloads/Git_Reference.md]
INFO 2/3/2021, 5:26:26 PM  addRecentDocument
INFO 2/3/2021, 5:26:33 PM  [blur] 2
INFO 2/3/2021, 5:26:36 PM  [focus] 2
INFO 2/3/2021, 5:26:42 PM  switchDocument 2 [/home/sinow/Downloads/Bash_Reference.md]
INFO 2/3/2021, 5:26:42 PM  addRecentDocument
INFO 2/3/2021, 5:26:49 PM  ----------------before-quit-----------------
INFO 2/3/2021, 5:26:49 PM  ------------------will-quit------------------
INFO 2/3/2021, 5:27:29 PM  ------------------start------------------
INFO 2/3/2021, 5:27:29 PM  typora version: 0.9.98
DEBUG 2/3/2021, 5:27:29 PM  [ '/usr/share/typora/Typora' ]
INFO 2/3/2021, 5:27:29 PM  [Raven] instanceKey = 040be0ab-bf9a-4a35-8979-e42cd1337f66
DEBUG 2/3/2021, 5:27:29 PM  app.openFile
INFO 2/3/2021, 5:27:29 PM  [Raven] userId = 903f1f51-3376-4e71-80fc-fb77c00aa641
INFO 2/3/2021, 5:27:29 PM  [focus] 1
INFO 2/3/2021, 5:27:29 PM  handle document.loadInitData
INFO 2/3/2021, 5:29:08 PM  [blur] 1
INFO 2/3/2021, 5:29:11 PM  [focus] 1
INFO 2/3/2021, 5:29:11 PM  [blur] 1
INFO 2/3/2021, 5:29:11 PM  [focus] 1
INFO 2/3/2021, 5:29:11 PM  [blur] 1
INFO 2/3/2021, 5:29:11 PM  [focus] 1
INFO 2/3/2021, 5:29:11 PM  ----------------before-quit-----------------
INFO 2/3/2021, 5:29:11 PM  ------------------will-quit------------------
