=========================
FCITX 4.2.9.7 -- Get Signal No.: 6
Date: try "date -d @1633346161" if you are using GNU date ***
ProcessID: 699
fcitx(+0x17d6)[0x55f3116327d6]
/usr/lib/libc.so.6(+0x3cda0)[0x7f9561862da0]
/usr/lib/libc.so.6(gsignal+0x142)[0x7f9561862d22]
/usr/lib/libc.so.6(abort+0x116)[0x7f956184c862]
/usr/lib/libc.so.6(+0x7ed28)[0x7f95618a4d28]
/usr/lib/libc.so.6(+0x8692a)[0x7f95618ac92a]
/usr/lib/libc.so.6(+0x87e53)[0x7f95618ade53]
/usr/lib/libc.so.6(cfree+0x68)[0x7f95618b19e8]
/usr/lib/fcitx/fcitx-sogoupinyin.so(+0x346e4)[0x7f955dbf86e4]
/usr/lib/fcitx/fcitx-sogoupinyin.so(+0x34635)[0x7f955dbf8635]
/usr/lib/fcitx/fcitx-sogoupinyin.so(+0x34561)[0x7f955dbf8561]
/usr/lib/fcitx/fcitx-sogoupinyin.so(+0x3437e)[0x7f955dbf837e]
/usr/lib/fcitx/fcitx-sogoupinyin.so(+0x33e19)[0x7f955dbf7e19]
/usr/lib/fcitx/fcitx-sogoupinyin.so(+0x33df6)[0x7f955dbf7df6]
/usr/lib/fcitx/fcitx-sogoupinyin.so(+0x33df6)[0x7f955dbf7df6]
/usr/lib/fcitx/fcitx-sogoupinyin.so(+0x33df6)[0x7f955dbf7df6]
/usr/lib/fcitx/fcitx-sogoupinyin.so(+0x33df6)[0x7f955dbf7df6]
/usr/lib/fcitx/fcitx-sogoupinyin.so(+0x33df6)[0x7f955dbf7df6]
/usr/lib/fcitx/fcitx-sogoupinyin.so(+0x33df6)[0x7f955dbf7df6]
/usr/lib/fcitx/fcitx-sogoupinyin.so(+0x33ae2)[0x7f955dbf7ae2]
/usr/lib/fcitx/fcitx-sogoupinyin.so(+0x3476c)[0x7f955dbf876c]
/usr/lib/libc.so.6(+0x3f4a7)[0x7f95618654a7]
/usr/lib/libc.so.6(+0x3f64e)[0x7f956186564e]
/usr/lib/libX11.so.6(+0x437bf)[0x7f956100e7bf]
/usr/lib/libX11.so.6(_XIOError+0x67)[0x7f956100eb37]
/usr/lib/libX11.so.6(_XReply+0x420)[0x7f956100c9a0]
/usr/lib/libX11.so.6(XSync+0x4d)[0x7f9561007f1d]
/usr/lib/libX11.so.6(XCloseDisplay+0x7d)[0x7f9560fe91cd]
/usr/lib/fcitx/fcitx-sogoupinyin.so(+0x3710c)[0x7f955dbfb10c]
/usr/lib/libfcitx-core.so.0(+0x9c97)[0x7f9561a49c97]
/usr/lib/libfcitx-core.so.0(FcitxInstanceRun+0x57)[0x7f9561a49db7]
fcitx(+0x113e)[0x55f31163213e]
